<?xml version="1.0" encoding="UTF-8"?>
<!-- Generated by org.testng.reporters.JUnitReportReporter -->
<testsuite name="com.pj.DataProvider.DataProvider.AppTest" tests="1" time="64.006" ignored="0" failures="0" timestamp="14 Feb 2021 10:21:04 GMT" skipped="0" hostname="DESKTOP-RA14IEP" errors="0">
  <testcase name="OpenBrowser" time="64.006" classname="com.pj.DataProvider.DataProvider.AppTest"/>
</testsuite> <!-- com.pj.DataProvider.DataProvider.AppTest -->
